<?xml version="1.0" encoding="UTF-8"?>
<!-- Generated by org.testng.reporters.JUnitReportReporter -->
<testsuite name="seleniumDemo.TestNG" tests="4" time="25.795" ignored="0" failures="0" timestamp="27 Jan 2017 07:19:23 GMT" skipped="0" hostname="DESKTOP-3942BU5" errors="0">
  <testcase name="test1" time="14.703" classname="seleniumDemo.TestNG"/>
  <testcase name="test2" time="0.002" classname="seleniumDemo.TestNG"/>
  <testcase name="test1" time="5.980" classname="seleniumDemo.TestNG"/>
  <testcase name="test1" time="5.110" classname="seleniumDemo.TestNG"/>
</testsuite> <!-- seleniumDemo.TestNG -->
