<?xml version="1.0" encoding="UTF-8"?>
<!-- Generated by org.testng.reporters.JUnitReportReporter -->
<testsuite name="pomDemo.TestWeb" tests="1" time="11.908" ignored="0" failures="0" timestamp="28 Jan 2017 10:12:43 GMT" skipped="0" hostname="DESKTOP-3942BU5" errors="0">
  <testcase name="loginTest" time="11.908" classname="pomDemo.TestWeb"/>
</testsuite> <!-- pomDemo.TestWeb -->
