<?xml version="1.0" encoding="UTF-8"?>
<!-- Generated by org.testng.reporters.JUnitReportReporter -->
<testsuite name="seleniumDemo.TestNG" tests="3" time="30.526" ignored="0" failures="0" timestamp="26 Jan 2017 18:10:55 GMT" skipped="0" hostname="DESKTOP-3942BU5" errors="0">
  <testcase name="test1" time="14.530" classname="seleniumDemo.TestNG"/>
  <testcase name="test1" time="8.319" classname="seleniumDemo.TestNG"/>
  <testcase name="test1" time="7.677" classname="seleniumDemo.TestNG"/>
</testsuite> <!-- seleniumDemo.TestNG -->
