<?xml version="1.0" encoding="UTF-8"?>
<!-- Generated by org.testng.reporters.JUnitReportReporter -->
<testsuite name="seleniumDemo.TestNG" tests="4" time="22.436" ignored="0" failures="0" timestamp="16 Apr 2017 09:12:36 GMT" skipped="0" hostname="Vignesh-Laptop" errors="0">
  <testcase name="test1" time="4.449" classname="seleniumDemo.TestNG"/>
  <testcase name="test1" time="4.769" classname="seleniumDemo.TestNG"/>
  <testcase name="test1" time="13.210" classname="seleniumDemo.TestNG"/>
  <testcase name="test2" time="0.008" classname="seleniumDemo.TestNG"/>
</testsuite> <!-- seleniumDemo.TestNG -->
